
          -------------------------------------------------------
          Amber 18 SANDER                              2018
          -------------------------------------------------------

| Run on 05/14/2025 at 14:48:44

|   Executable path: sander
| Working directory: /data/group1/z40145w/amber_pent_0
|          Hostname: fx0427

  [-O]verwriting output

File Assignments:
|  MDIN: FF_calc.in                                                            
| MDOUT: pent_mono.out                                                         
|INPCRD: pent_mono.inpcrd                                                      
|  PARM: pent_mono.prmtop                                                      
|RESTRT: min.rst                                                               
|  REFC: pent_mono.inpcrd                                                      
| MDVEL: mdvel                                                                 
| MDFRC: mdfrc                                                                 
|  MDEN: mden                                                                  
| MDCRD: mdcrd                                                                 
|MDINFO: mdinfo                                                                
|  MTMD: mtmd                                                                  
|INPDIP: inpdip                                                                
|RSTDIP: rstdip                                                                
|INPTRA: inptraj                                                               

 
 Here is the input file:
 
Simple energy evaluation                                                       
&cntrl                                                                         
  imin=1,       ! Do minimization mode (needed to evaluate energy)             
  maxcyc=0,     ! Do zero steps = evaluate energy only                         
  ntb=0,        ! No periodic boundary conditions                              
  cut=999.0,    ! No nonbonded cutoff (optional: set to 10.0 if needed)        
/                                                                              

--------------------------------------------------------------------------------
   1.  RESOURCE   USE: 
--------------------------------------------------------------------------------

| Flags:                                                                        
|    NONPERIODIC   ntb=0 and igb=0: Setting up nonperiodic simulation
|  *** cutoff > system size, list only builds once
|Largest sphere to fit in unit cell has radius =    31.054
| New format PARM file being parsed.
| Version =    1.000 Date = 05/14/25 Time = 14:48:44
 NATOM  =      36 NTYPES =       2 NBONH =      14 MBONA  =      26
 NTHETH =      28 MTHETA =      38 NPHIH =      64 MPHIA  =      62
 NHPARM =       0 NPARM  =       0 NNB   =     197 NRES   =       1
 NBONA  =      26 NTHETA =      38 NPHIA =      62 NUMBND =       2
 NUMANG =       2 NPTRA  =       2 NATYP =       2 NPHB   =       0
 IFBOX  =       0 NMXRS  =      36 IFCAP =       0 NEXTRA =       0
 NCOPY  =       0


|     Memory Use     Allocated
|     Real                7134
|     Hollerith            111
|     Integer            27147
|     Max Pairs            630
|     nblistReal           432
|     nblist Int        960880
|       Total             3921 kbytes

| Note: 1-4 EEL scale factors are being read from the topology file.

| Note: 1-4 VDW scale factors are being read from the topology file.
| Duplicated    0 dihedrals
| Duplicated    0 dihedrals

--------------------------------------------------------------------------------
   2.  CONTROL  DATA  FOR  THE  RUN
--------------------------------------------------------------------------------

pent_monomer                                                                    

General flags:
     imin    =       1, nmropt  =       0

Nature and format of input:
     ntx     =       1, irest   =       0, ntrx    =       1

Nature and format of output:
     ntxo    =       2, ntpr    =      50, ntrx    =       1, ntwr    =       1
     iwrap   =       0, ntwx    =       0, ntwv    =       0, ntwe    =       0
     ioutfm  =       1, ntwprt  =       0, idecomp =       0, rbornstat=      0

Potential function:
     ntf     =       1, ntb     =       0, igb     =       0, nsnb    =      25
     ipol    =       0, gbsa    =       0, iesp    =       0
     dielc   =   1.00000, cut     = 999.00000, intdiel =   1.00000

Frozen or restrained atoms:
     ibelly  =       0, ntr     =       0

Energy minimization:
     maxcyc  =       0, ncyc    =      10, ntmin   =       1
     dx0     =   0.01000, drms    =   0.00010
|  INFO: Old style inpcrd file read


--------------------------------------------------------------------------------
   3.  ATOMIC COORDINATES AND VELOCITIES
--------------------------------------------------------------------------------

pent_monomer                                                                    
 begin time read from input coords =     0.000 ps

 Number of triangulated 3-point waters found:        0

     Sum of charges from parm topology file =   0.00400000
     Forcing neutrality...

--------------------------------------------------------------------------------
   4.  RESULTS
--------------------------------------------------------------------------------

 ---------------------------------------------------

     eedmeth=4: Setting switch to one everywhere

 ---------------------------------------------------
| Local SIZE OF NONBOND LIST =        435
| TOTAL SIZE OF NONBOND LIST =        435


   NSTEP       ENERGY          RMS            GMAX         NAME    NUMBER
      1       2.1066E+01     2.5044E+01     6.6948E+01     C2          3

 BOND    =       12.5092  ANGLE   =        2.1464  DIHED      =        0.0007
 VDWAALS =       -3.0609  EEL     =        0.5812  HBOND      =        0.0000
 1-4 VDW =       15.9822  1-4 EEL =       -7.0928  RESTRAINT  =        0.0000


  Maximum number of minimization cycles reached.


                    FINAL RESULTS



   NSTEP       ENERGY          RMS            GMAX         NAME    NUMBER
      1       2.1066E+01     2.5044E+01     6.6948E+01     C2          3

 BOND    =       12.5092  ANGLE   =        2.1464  DIHED      =        0.0007
 VDWAALS =       -3.0609  EEL     =        0.5812  HBOND      =        0.0000
 1-4 VDW =       15.9822  1-4 EEL =       -7.0928  RESTRAINT  =        0.0000

--------------------------------------------------------------------------------
   5.  TIMINGS
--------------------------------------------------------------------------------

|    Read coords time           0.00 ( 5.44% of Total)
|    Fast Water setup           0.00 ( 0.01% of Total)
|                Build the list             0.00 (95.35% of List )
|                Other                      0.00 ( 4.65% of List )
|             List time                  0.00 (60.62% of Nonbo)
|                   Short_ene time             0.00 (98.85% of Direc)
|                   Other                      0.00 ( 1.15% of Direc)
|                Direct Ewald time          0.00 (90.48% of Ewald)
|                Virial junk                0.00 ( 0.49% of Ewald)
|                Start synchronizatio       0.00 ( 0.28% of Ewald)
|                Other                      0.00 ( 8.76% of Ewald)
|             Ewald time                 0.00 (39.07% of Nonbo)
|             Other                      0.00 ( 0.31% of Nonbo)
|          Nonbond force              0.00 (48.57% of Force)
|          Bond/Angle/Dihedral        0.00 (49.49% of Force)
|          Other                      0.00 ( 1.95% of Force)
|       Force time                 0.00 (100.0% of Runmd)
|    Runmd Time                 0.00 ( 3.00% of Total)
|    Other                      0.06 (91.55% of Total)
| Total time                 0.07 (100.0% of ALL  )

| Number of list builds   :          1

| Highest rstack allocated:        140
| Highest istack allocated:         28
|           Job began  at 14:48:44.837  on 05/14/2025
|           Setup done at 14:48:44.871  on 05/14/2025
|           Run   done at 14:48:44.905  on 05/14/2025
|     wallclock() was called      58 times

|3D-RISM memory allocation summary
|Type          Maximum        Current   
|Integer       0.00000 GB     0.00000 GB
|Real          0.00000 GB     0.00000 GB
|Logical       0.00000 GB     0.00000 GB
|Character     0.00000 GB     0.00000 GB
|---------------------------------------
|Total         0.00000 GB     0.00000 GB
